# JRE version: OpenJDK Runtime Environment (8.0_275-b01) (build 1.8.0_275-b01)
# Java VM: OpenJDK 64-Bit Server VM (25.275-b01 mixed mode windows-amd64 compressed oops)
Heap:
 PSYoungGen      total 161792K, used 60993K [0x00000000f5580000, 0x0000000100000000, 0x0000000100000000)
  eden space 148992K, 32% used [0x00000000f5580000,0x00000000f8495980,0x00000000fe700000)
  from space 12800K, 99% used [0x00000000fe700000,0x00000000ff37aaa8,0x00000000ff380000)
  to   space 12800K, 0% used [0x00000000ff380000,0x00000000ff380000,0x0000000100000000)
 ParOldGen       total 175104K, used 24127K [0x00000000e0000000, 0x00000000eab00000, 0x00000000f5580000)
  object space 175104K, 13% used [0x00000000e0000000,0x00000000e178fd10,0x00000000eab00000)
 Metaspace       used 52715K, capacity 55144K, committed 55168K, reserved 1097728K
  class space    used 7240K, capacity 7788K, committed 7808K, reserved 1048576K
GC Heap History (10 events):
Event: 6.727 GC heap before
{Heap before GC invocations=7 (full 1):
 PSYoungGen      total 76288K, used 73855K [0x00000000f5580000, 0x00000000fc900000, 0x0000000100000000)
  eden space 65536K, 100% used [0x00000000f5580000,0x00000000f9580000,0x00000000f9580000)
  from space 10752K, 77% used [0x00000000f9580000,0x00000000f9d9fde8,0x00000000fa000000)
  to   space 11776K, 0% used [0x00000000fbd80000,0x00000000fbd80000,0x00000000fc900000)
 ParOldGen       total 175104K, used 8131K [0x00000000e0000000, 0x00000000eab00000, 0x00000000f5580000)
  object space 175104K, 4% used [0x00000000e0000000,0x00000000e07f0c78,0x00000000eab00000)
 Metaspace       used 32702K, capacity 33742K, committed 33920K, reserved 1079296K
  class space    used 4644K, capacity 4924K, committed 4992K, reserved 1048576K
Event: 6.737 GC heap after
Heap after GC invocations=7 (full 1):
 PSYoungGen      total 105472K, used 10112K [0x00000000f5580000, 0x00000000fc900000, 0x0000000100000000)
  eden space 93696K, 0% used [0x00000000f5580000,0x00000000f5580000,0x00000000fb100000)
  from space 11776K, 85% used [0x00000000fbd80000,0x00000000fc7602a0,0x00000000fc900000)
  to   space 12288K, 0% used [0x00000000fb100000,0x00000000fb100000,0x00000000fbd00000)
 ParOldGen       total 175104K, used 8139K [0x00000000e0000000, 0x00000000eab00000, 0x00000000f5580000)
  object space 175104K, 4% used [0x00000000e0000000,0x00000000e07f2c78,0x00000000eab00000)
 Metaspace       used 32702K, capacity 33742K, committed 33920K, reserved 1079296K
  class space    used 4644K, capacity 4924K, committed 4992K, reserved 1048576K
}
Event: 6.921 GC heap before
{Heap before GC invocations=8 (full 1):
 PSYoungGen      total 105472K, used 44755K [0x00000000f5580000, 0x00000000fc900000, 0x0000000100000000)
  eden space 93696K, 36% used [0x00000000f5580000,0x00000000f7754d58,0x00000000fb100000)
  from space 11776K, 85% used [0x00000000fbd80000,0x00000000fc7602a0,0x00000000fc900000)
  to   space 12288K, 0% used [0x00000000fb100000,0x00000000fb100000,0x00000000fbd00000)
 ParOldGen       total 175104K, used 8139K [0x00000000e0000000, 0x00000000eab00000, 0x00000000f5580000)
  object space 175104K, 4% used [0x00000000e0000000,0x00000000e07f2c78,0x00000000eab00000)
 Metaspace       used 34300K, capacity 35468K, committed 35496K, reserved 1079296K
  class space    used 4807K, capacity 5108K, committed 5120K, reserved 1048576K
Event: 6.935 GC heap after
Heap after GC invocations=8 (full 1):
 PSYoungGen      total 105984K, used 9787K [0x00000000f5580000, 0x0000000100000000, 0x0000000100000000)
  eden space 93696K, 0% used [0x00000000f5580000,0x00000000f5580000,0x00000000fb100000)
  from space 12288K, 79% used [0x00000000fb100000,0x00000000fba8ef00,0x00000000fbd00000)
  to   space 12288K, 0% used [0x00000000ff400000,0x00000000ff400000,0x0000000100000000)
 ParOldGen       total 175104K, used 8147K [0x00000000e0000000, 0x00000000eab00000, 0x00000000f5580000)
  object space 175104K, 4% used [0x00000000e0000000,0x00000000e07f4c78,0x00000000eab00000)
 Metaspace       used 34300K, capacity 35468K, committed 35496K, reserved 1079296K
  class space    used 4807K, capacity 5108K, committed 5120K, reserved 1048576K
}
Event: 6.936 GC heap before
{Heap before GC invocations=9 (full 2):
 PSYoungGen      total 105984K, used 9787K [0x00000000f5580000, 0x0000000100000000, 0x0000000100000000)
  eden space 93696K, 0% used [0x00000000f5580000,0x00000000f5580000,0x00000000fb100000)
  from space 12288K, 79% used [0x00000000fb100000,0x00000000fba8ef00,0x00000000fbd00000)
  to   space 12288K, 0% used [0x00000000ff400000,0x00000000ff400000,0x0000000100000000)
 ParOldGen       total 175104K, used 8147K [0x00000000e0000000, 0x00000000eab00000, 0x00000000f5580000)
  object space 175104K, 4% used [0x00000000e0000000,0x00000000e07f4c78,0x00000000eab00000)
 Metaspace       used 34300K, capacity 35468K, committed 35496K, reserved 1079296K
  class space    used 4807K, capacity 5108K, committed 5120K, reserved 1048576K
Event: 6.982 GC heap after
Heap after GC invocations=9 (full 2):
 PSYoungGen      total 105984K, used 0K [0x00000000f5580000, 0x0000000100000000, 0x0000000100000000)
  eden space 93696K, 0% used [0x00000000f5580000,0x00000000f5580000,0x00000000fb100000)
  from space 12288K, 0% used [0x00000000fb100000,0x00000000fb100000,0x00000000fbd00000)
  to   space 12288K, 0% used [0x00000000ff400000,0x00000000ff400000,0x0000000100000000)
 ParOldGen       total 175104K, used 16471K [0x00000000e0000000, 0x00000000eab00000, 0x00000000f5580000)
  object space 175104K, 9% used [0x00000000e0000000,0x00000000e1015fc0,0x00000000eab00000)
 Metaspace       used 34300K, capacity 35468K, committed 35496K, reserved 1079296K
  class space    used 4807K, capacity 5108K, committed 5120K, reserved 1048576K
}
Event: 7.691 GC heap before
{Heap before GC invocations=10 (full 2):
 PSYoungGen      total 105984K, used 93696K [0x00000000f5580000, 0x0000000100000000, 0x0000000100000000)
  eden space 93696K, 100% used [0x00000000f5580000,0x00000000fb100000,0x00000000fb100000)
  from space 12288K, 0% used [0x00000000fb100000,0x00000000fb100000,0x00000000fbd00000)
  to   space 12288K, 0% used [0x00000000ff400000,0x00000000ff400000,0x0000000100000000)
 ParOldGen       total 175104K, used 16471K [0x00000000e0000000, 0x00000000eab00000, 0x00000000f5580000)
  object space 175104K, 9% used [0x00000000e0000000,0x00000000e1015fc0,0x00000000eab00000)
 Metaspace       used 37552K, capacity 39164K, committed 39296K, reserved 1083392K
  class space    used 5283K, capacity 5650K, committed 5760K, reserved 1048576K
Event: 7.701 GC heap after
Heap after GC invocations=10 (full 2):
 PSYoungGen      total 161280K, used 5511K [0x00000000f5580000, 0x0000000100000000, 0x0000000100000000)
  eden space 148992K, 0% used [0x00000000f5580000,0x00000000f5580000,0x00000000fe700000)
  from space 12288K, 44% used [0x00000000ff400000,0x00000000ff961e38,0x0000000100000000)
  to   space 12800K, 0% used [0x00000000fe700000,0x00000000fe700000,0x00000000ff380000)
 ParOldGen       total 175104K, used 16479K [0x00000000e0000000, 0x00000000eab00000, 0x00000000f5580000)
  object space 175104K, 9% used [0x00000000e0000000,0x00000000e1017fc0,0x00000000eab00000)
 Metaspace       used 37552K, capacity 39164K, committed 39296K, reserved 1083392K
  class space    used 5283K, capacity 5650K, committed 5760K, reserved 1048576K
}
Event: 9.726 GC heap before
{Heap before GC invocations=11 (full 2):
 PSYoungGen      total 161280K, used 154503K [0x00000000f5580000, 0x0000000100000000, 0x0000000100000000)
  eden space 148992K, 100% used [0x00000000f5580000,0x00000000fe700000,0x00000000fe700000)
  from space 12288K, 44% used [0x00000000ff400000,0x00000000ff961e38,0x0000000100000000)
  to   space 12800K, 0% used [0x00000000fe700000,0x00000000fe700000,0x00000000ff380000)
 ParOldGen       total 175104K, used 16479K [0x00000000e0000000, 0x00000000eab00000, 0x00000000f5580000)
  object space 175104K, 9% used [0x00000000e0000000,0x00000000e1017fc0,0x00000000eab00000)
 Metaspace       used 51333K, capacity 53526K, committed 53632K, reserved 1095680K
  class space    used 7041K, capacity 7545K, committed 7552K, reserved 1048576K
Event: 9.746 GC heap after
Heap after GC invocations=11 (full 2):
 PSYoungGen      total 161792K, used 12778K [0x00000000f5580000, 0x0000000100000000, 0x0000000100000000)
  eden space 148992K, 0% used [0x00000000f5580000,0x00000000f5580000,0x00000000fe700000)
  from space 12800K, 99% used [0x00000000fe700000,0x00000000ff37aaa8,0x00000000ff380000)
  to   space 12800K, 0% used [0x00000000ff380000,0x00000000ff380000,0x0000000100000000)
 ParOldGen       total 175104K, used 24127K [0x00000000e0000000, 0x00000000eab00000, 0x00000000f5580000)
  object space 175104K, 13% used [0x00000000e0000000,0x00000000e178fd10,0x00000000eab00000)
 Metaspace       used 51333K, capacity 53526K, committed 53632K, reserved 1095680K
  class space    used 7041K, capacity 7545K, committed 7552K, reserved 1048576K
}

