# JRE version: OpenJDK Runtime Environment (8.0_242-b01) (build 1.8.0_242-release-1644-b01)
# Java VM: OpenJDK 64-Bit Server VM (25.242-b01 mixed mode windows-amd64 compressed oops)
Heap:
 PSYoungGen      total 155136K, used 45585K [0x00000000f5580000, 0x00000000ffe00000, 0x0000000100000000)
  eden space 137728K, 31% used [0x00000000f5580000,0x00000000f8064578,0x00000000fdc00000)
  from space 17408K, 9% used [0x00000000fec80000,0x00000000fee20000,0x00000000ffd80000)
  to   space 16896K, 0% used [0x00000000fdc00000,0x00000000fdc00000,0x00000000fec80000)
 ParOldGen       total 349696K, used 227074K [0x00000000e0000000, 0x00000000f5580000, 0x00000000f5580000)
  object space 349696K, 64% used [0x00000000e0000000,0x00000000eddc0bf0,0x00000000f5580000)
 Metaspace       used 125866K, capacity 134858K, committed 135936K, reserved 1167360K
  class space    used 15955K, capacity 17666K, committed 17920K, reserved 1048576K
GC Heap History (10 events):
Event: 1124.394 GC heap before
{Heap before GC invocations=146 (full 6):
 PSYoungGen      total 147968K, used 128083K [0x00000000f5580000, 0x00000000ffd80000, 0x0000000100000000)
  eden space 125440K, 100% used [0x00000000f5580000,0x00000000fd000000,0x00000000fd000000)
  from space 22528K, 11% used [0x00000000fd000000,0x00000000fd294d10,0x00000000fe600000)
  to   space 21504K, 0% used [0x00000000fe880000,0x00000000fe880000,0x00000000ffd80000)
 ParOldGen       total 349696K, used 219425K [0x00000000e0000000, 0x00000000f5580000, 0x00000000f5580000)
  object space 349696K, 62% used [0x00000000e0000000,0x00000000ed6487d0,0x00000000f5580000)
 Metaspace       used 125851K, capacity 134858K, committed 135936K, reserved 1167360K
  class space    used 15955K, capacity 17666K, committed 17920K, reserved 1048576K
Event: 1124.405 GC heap after
Heap after GC invocations=146 (full 6):
 PSYoungGen      total 151040K, used 1632K [0x00000000f5580000, 0x00000000ffd00000, 0x0000000100000000)
  eden space 130048K, 0% used [0x00000000f5580000,0x00000000f5580000,0x00000000fd480000)
  from space 20992K, 7% used [0x00000000fe880000,0x00000000fea18000,0x00000000ffd00000)
  to   space 20480K, 0% used [0x00000000fd480000,0x00000000fd480000,0x00000000fe880000)
 ParOldGen       total 349696K, used 221467K [0x00000000e0000000, 0x00000000f5580000, 0x00000000f5580000)
  object space 349696K, 63% used [0x00000000e0000000,0x00000000ed846de0,0x00000000f5580000)
 Metaspace       used 125851K, capacity 134858K, committed 135936K, reserved 1167360K
  class space    used 15955K, capacity 17666K, committed 17920K, reserved 1048576K
}
Event: 1124.568 GC heap before
{Heap before GC invocations=147 (full 6):
 PSYoungGen      total 151040K, used 131680K [0x00000000f5580000, 0x00000000ffd00000, 0x0000000100000000)
  eden space 130048K, 100% used [0x00000000f5580000,0x00000000fd480000,0x00000000fd480000)
  from space 20992K, 7% used [0x00000000fe880000,0x00000000fea18000,0x00000000ffd00000)
  to   space 20480K, 0% used [0x00000000fd480000,0x00000000fd480000,0x00000000fe880000)
 ParOldGen       total 349696K, used 221467K [0x00000000e0000000, 0x00000000f5580000, 0x00000000f5580000)
  object space 349696K, 63% used [0x00000000e0000000,0x00000000ed846de0,0x00000000f5580000)
 Metaspace       used 125853K, capacity 134858K, committed 135936K, reserved 1167360K
  class space    used 15955K, capacity 17666K, committed 17920K, reserved 1048576K
Event: 1124.576 GC heap after
Heap after GC invocations=147 (full 6):
 PSYoungGen      total 150528K, used 2080K [0x00000000f5580000, 0x00000000ffd80000, 0x0000000100000000)
  eden space 130048K, 0% used [0x00000000f5580000,0x00000000f5580000,0x00000000fd480000)
  from space 20480K, 10% used [0x00000000fd480000,0x00000000fd688000,0x00000000fe880000)
  to   space 19456K, 0% used [0x00000000fea80000,0x00000000fea80000,0x00000000ffd80000)
 ParOldGen       total 349696K, used 222715K [0x00000000e0000000, 0x00000000f5580000, 0x00000000f5580000)
  object space 349696K, 63% used [0x00000000e0000000,0x00000000ed97edf0,0x00000000f5580000)
 Metaspace       used 125853K, capacity 134858K, committed 135936K, reserved 1167360K
  class space    used 15955K, capacity 17666K, committed 17920K, reserved 1048576K
}
Event: 1124.713 GC heap before
{Heap before GC invocations=148 (full 6):
 PSYoungGen      total 150528K, used 132128K [0x00000000f5580000, 0x00000000ffd80000, 0x0000000100000000)
  eden space 130048K, 100% used [0x00000000f5580000,0x00000000fd480000,0x00000000fd480000)
  from space 20480K, 10% used [0x00000000fd480000,0x00000000fd688000,0x00000000fe880000)
  to   space 19456K, 0% used [0x00000000fea80000,0x00000000fea80000,0x00000000ffd80000)
 ParOldGen       total 349696K, used 222715K [0x00000000e0000000, 0x00000000f5580000, 0x00000000f5580000)
  object space 349696K, 63% used [0x00000000e0000000,0x00000000ed97edf0,0x00000000f5580000)
 Metaspace       used 125854K, capacity 134858K, committed 135936K, reserved 1167360K
  class space    used 15955K, capacity 17666K, committed 17920K, reserved 1048576K
Event: 1124.725 GC heap after
Heap after GC invocations=148 (full 6):
 PSYoungGen      total 153088K, used 2334K [0x00000000f5580000, 0x00000000ffd00000, 0x0000000100000000)
  eden space 134144K, 0% used [0x00000000f5580000,0x00000000f5580000,0x00000000fd880000)
  from space 18944K, 12% used [0x00000000fea80000,0x00000000fecc7bf8,0x00000000ffd00000)
  to   space 18432K, 0% used [0x00000000fd880000,0x00000000fd880000,0x00000000fea80000)
 ParOldGen       total 349696K, used 224019K [0x00000000e0000000, 0x00000000f5580000, 0x00000000f5580000)
  object space 349696K, 64% used [0x00000000e0000000,0x00000000edac4df0,0x00000000f5580000)
 Metaspace       used 125854K, capacity 134858K, committed 135936K, reserved 1167360K
  class space    used 15955K, capacity 17666K, committed 17920K, reserved 1048576K
}
Event: 1124.854 GC heap before
{Heap before GC invocations=149 (full 6):
 PSYoungGen      total 153088K, used 136478K [0x00000000f5580000, 0x00000000ffd00000, 0x0000000100000000)
  eden space 134144K, 100% used [0x00000000f5580000,0x00000000fd880000,0x00000000fd880000)
  from space 18944K, 12% used [0x00000000fea80000,0x00000000fecc7bf8,0x00000000ffd00000)
  to   space 18432K, 0% used [0x00000000fd880000,0x00000000fd880000,0x00000000fea80000)
 ParOldGen       total 349696K, used 224019K [0x00000000e0000000, 0x00000000f5580000, 0x00000000f5580000)
  object space 349696K, 64% used [0x00000000e0000000,0x00000000edac4df0,0x00000000f5580000)
 Metaspace       used 125862K, capacity 134858K, committed 135936K, reserved 1167360K
  class space    used 15955K, capacity 17666K, committed 17920K, reserved 1048576K
Event: 1124.864 GC heap after
Heap after GC invocations=149 (full 6):
 PSYoungGen      total 152576K, used 2432K [0x00000000f5580000, 0x00000000ffd80000, 0x0000000100000000)
  eden space 134144K, 0% used [0x00000000f5580000,0x00000000f5580000,0x00000000fd880000)
  from space 18432K, 13% used [0x00000000fd880000,0x00000000fdae0000,0x00000000fea80000)
  to   space 17408K, 0% used [0x00000000fec80000,0x00000000fec80000,0x00000000ffd80000)
 ParOldGen       total 349696K, used 225638K [0x00000000e0000000, 0x00000000f5580000, 0x00000000f5580000)
  object space 349696K, 64% used [0x00000000e0000000,0x00000000edc59bd0,0x00000000f5580000)
 Metaspace       used 125862K, capacity 134858K, committed 135936K, reserved 1167360K
  class space    used 15955K, capacity 17666K, committed 17920K, reserved 1048576K
}
Event: 1125.013 GC heap before
{Heap before GC invocations=150 (full 6):
 PSYoungGen      total 152576K, used 136576K [0x00000000f5580000, 0x00000000ffd80000, 0x0000000100000000)
  eden space 134144K, 100% used [0x00000000f5580000,0x00000000fd880000,0x00000000fd880000)
  from space 18432K, 13% used [0x00000000fd880000,0x00000000fdae0000,0x00000000fea80000)
  to   space 17408K, 0% used [0x00000000fec80000,0x00000000fec80000,0x00000000ffd80000)
 ParOldGen       total 349696K, used 225638K [0x00000000e0000000, 0x00000000f5580000, 0x00000000f5580000)
  object space 349696K, 64% used [0x00000000e0000000,0x00000000edc59bd0,0x00000000f5580000)
 Metaspace       used 125865K, capacity 134858K, committed 135936K, reserved 1167360K
  class space    used 15955K, capacity 17666K, committed 17920K, reserved 1048576K
Event: 1125.024 GC heap after
Heap after GC invocations=150 (full 6):
 PSYoungGen      total 155136K, used 1664K [0x00000000f5580000, 0x00000000ffe00000, 0x0000000100000000)
  eden space 137728K, 0% used [0x00000000f5580000,0x00000000f5580000,0x00000000fdc00000)
  from space 17408K, 9% used [0x00000000fec80000,0x00000000fee20000,0x00000000ffd80000)
  to   space 16896K, 0% used [0x00000000fdc00000,0x00000000fdc00000,0x00000000fec80000)
 ParOldGen       total 349696K, used 227074K [0x00000000e0000000, 0x00000000f5580000, 0x00000000f5580000)
  object space 349696K, 64% used [0x00000000e0000000,0x00000000eddc0bf0,0x00000000f5580000)
 Metaspace       used 125865K, capacity 134858K, committed 135936K, reserved 1167360K
  class space    used 15955K, capacity 17666K, committed 17920K, reserved 1048576K
}

