# JRE version: OpenJDK Runtime Environment (8.0_275-b01) (build 1.8.0_275-b01)
# Java VM: OpenJDK 64-Bit Server VM (25.275-b01 mixed mode windows-amd64 compressed oops)
Heap:
 PSYoungGen      total 140800K, used 113240K [0x00000000f5580000, 0x00000000ffe00000, 0x0000000100000000)
  eden space 111104K, 93% used [0x00000000f5580000,0x00000000fbb4a180,0x00000000fc200000)
  from space 29696K, 30% used [0x00000000fe100000,0x00000000fe9cc168,0x00000000ffe00000)
  to   space 30720K, 0% used [0x00000000fc200000,0x00000000fc200000,0x00000000fe000000)
 ParOldGen       total 175104K, used 74162K [0x00000000e0000000, 0x00000000eab00000, 0x00000000f5580000)
  object space 175104K, 42% used [0x00000000e0000000,0x00000000e486c988,0x00000000eab00000)
 Metaspace       used 83871K, capacity 87796K, committed 87896K, reserved 1124352K
  class space    used 11340K, capacity 12088K, committed 12120K, reserved 1048576K
GC Heap History (10 events):
Event: 107.762 GC heap before
{Heap before GC invocations=17 (full 3):
 PSYoungGen      total 154624K, used 154299K [0x00000000f5580000, 0x0000000100000000, 0x0000000100000000)
  eden space 134656K, 99% used [0x00000000f5580000,0x00000000fd8b1130,0x00000000fd900000)
  from space 19968K, 99% used [0x00000000fd900000,0x00000000fec7dc88,0x00000000fec80000)
  to   space 19968K, 0% used [0x00000000fec80000,0x00000000fec80000,0x0000000100000000)
 ParOldGen       total 175104K, used 32007K [0x00000000e0000000, 0x00000000eab00000, 0x00000000f5580000)
  object space 175104K, 18% used [0x00000000e0000000,0x00000000e1f41dc0,0x00000000eab00000)
 Metaspace       used 75361K, capacity 78878K, committed 78936K, reserved 1118208K
  class space    used 10372K, capacity 11077K, committed 11096K, reserved 1048576K
Event: 107.842 GC heap after
Heap after GC invocations=17 (full 3):
 PSYoungGen      total 131072K, used 19949K [0x00000000f5580000, 0x0000000100000000, 0x0000000100000000)
  eden space 111104K, 0% used [0x00000000f5580000,0x00000000f5580000,0x00000000fc200000)
  from space 19968K, 99% used [0x00000000fec80000,0x00000000ffffb5f0,0x0000000100000000)
  to   space 31744K, 0% used [0x00000000fc200000,0x00000000fc200000,0x00000000fe100000)
 ParOldGen       total 175104K, used 51468K [0x00000000e0000000, 0x00000000eab00000, 0x00000000f5580000)
  object space 175104K, 29% used [0x00000000e0000000,0x00000000e3243260,0x00000000eab00000)
 Metaspace       used 75361K, capacity 78878K, committed 78936K, reserved 1118208K
  class space    used 10372K, capacity 11077K, committed 11096K, reserved 1048576K
}
Event: 110.636 GC heap before
{Heap before GC invocations=18 (full 3):
 PSYoungGen      total 131072K, used 131053K [0x00000000f5580000, 0x0000000100000000, 0x0000000100000000)
  eden space 111104K, 100% used [0x00000000f5580000,0x00000000fc200000,0x00000000fc200000)
  from space 19968K, 99% used [0x00000000fec80000,0x00000000ffffb5f0,0x0000000100000000)
  to   space 31744K, 0% used [0x00000000fc200000,0x00000000fc200000,0x00000000fe100000)
 ParOldGen       total 175104K, used 51468K [0x00000000e0000000, 0x00000000eab00000, 0x00000000f5580000)
  object space 175104K, 29% used [0x00000000e0000000,0x00000000e3243260,0x00000000eab00000)
 Metaspace       used 75871K, capacity 79358K, committed 79576K, reserved 1118208K
  class space    used 10398K, capacity 11109K, committed 11224K, reserved 1048576K
Event: 110.701 GC heap after
Heap after GC invocations=18 (full 3):
 PSYoungGen      total 142848K, used 17464K [0x00000000f5580000, 0x0000000100000000, 0x0000000100000000)
  eden space 111104K, 0% used [0x00000000f5580000,0x00000000f5580000,0x00000000fc200000)
  from space 31744K, 55% used [0x00000000fc200000,0x00000000fd30e348,0x00000000fe100000)
  to   space 31232K, 0% used [0x00000000fe180000,0x00000000fe180000,0x0000000100000000)
 ParOldGen       total 175104K, used 70934K [0x00000000e0000000, 0x00000000eab00000, 0x00000000f5580000)
  object space 175104K, 40% used [0x00000000e0000000,0x00000000e4545858,0x00000000eab00000)
 Metaspace       used 75871K, capacity 79358K, committed 79576K, reserved 1118208K
  class space    used 10398K, capacity 11109K, committed 11224K, reserved 1048576K
}
Event: 124.799 GC heap before
{Heap before GC invocations=19 (full 3):
 PSYoungGen      total 142848K, used 128568K [0x00000000f5580000, 0x0000000100000000, 0x0000000100000000)
  eden space 111104K, 100% used [0x00000000f5580000,0x00000000fc200000,0x00000000fc200000)
  from space 31744K, 55% used [0x00000000fc200000,0x00000000fd30e348,0x00000000fe100000)
  to   space 31232K, 0% used [0x00000000fe180000,0x00000000fe180000,0x0000000100000000)
 ParOldGen       total 175104K, used 70934K [0x00000000e0000000, 0x00000000eab00000, 0x00000000f5580000)
  object space 175104K, 40% used [0x00000000e0000000,0x00000000e4545858,0x00000000eab00000)
 Metaspace       used 77189K, capacity 80758K, committed 80984K, reserved 1118208K
  class space    used 10550K, capacity 11271K, committed 11352K, reserved 1048576K
Event: 124.835 GC heap after
Heap after GC invocations=19 (full 3):
 PSYoungGen      total 142336K, used 2649K [0x00000000f5580000, 0x0000000100000000, 0x0000000100000000)
  eden space 111104K, 0% used [0x00000000f5580000,0x00000000f5580000,0x00000000fc200000)
  from space 31232K, 8% used [0x00000000fe180000,0x00000000fe4164d8,0x0000000100000000)
  to   space 31744K, 0% used [0x00000000fc200000,0x00000000fc200000,0x00000000fe100000)
 ParOldGen       total 175104K, used 70982K [0x00000000e0000000, 0x00000000eab00000, 0x00000000f5580000)
  object space 175104K, 40% used [0x00000000e0000000,0x00000000e4551858,0x00000000eab00000)
 Metaspace       used 77189K, capacity 80758K, committed 80984K, reserved 1118208K
  class space    used 10550K, capacity 11271K, committed 11352K, reserved 1048576K
}
Event: 137.707 GC heap before
{Heap before GC invocations=20 (full 3):
 PSYoungGen      total 142336K, used 113753K [0x00000000f5580000, 0x0000000100000000, 0x0000000100000000)
  eden space 111104K, 100% used [0x00000000f5580000,0x00000000fc200000,0x00000000fc200000)
  from space 31232K, 8% used [0x00000000fe180000,0x00000000fe4164d8,0x0000000100000000)
  to   space 31744K, 0% used [0x00000000fc200000,0x00000000fc200000,0x00000000fe100000)
 ParOldGen       total 175104K, used 70982K [0x00000000e0000000, 0x00000000eab00000, 0x00000000f5580000)
  object space 175104K, 40% used [0x00000000e0000000,0x00000000e4551858,0x00000000eab00000)
 Metaspace       used 79003K, capacity 82712K, committed 82904K, reserved 1120256K
  class space    used 10717K, capacity 11464K, committed 11480K, reserved 1048576K
Event: 137.763 GC heap after
Heap after GC invocations=20 (full 3):
 PSYoungGen      total 142848K, used 3125K [0x00000000f5580000, 0x0000000100000000, 0x0000000100000000)
  eden space 111104K, 0% used [0x00000000f5580000,0x00000000f5580000,0x00000000fc200000)
  from space 31744K, 9% used [0x00000000fc200000,0x00000000fc50d4e0,0x00000000fe100000)
  to   space 31744K, 0% used [0x00000000fe100000,0x00000000fe100000,0x0000000100000000)
 ParOldGen       total 175104K, used 72477K [0x00000000e0000000, 0x00000000eab00000, 0x00000000f5580000)
  object space 175104K, 41% used [0x00000000e0000000,0x00000000e46c75d0,0x00000000eab00000)
 Metaspace       used 79003K, capacity 82712K, committed 82904K, reserved 1120256K
  class space    used 10717K, capacity 11464K, committed 11480K, reserved 1048576K
}
Event: 145.800 GC heap before
{Heap before GC invocations=21 (full 3):
 PSYoungGen      total 142848K, used 114229K [0x00000000f5580000, 0x0000000100000000, 0x0000000100000000)
  eden space 111104K, 100% used [0x00000000f5580000,0x00000000fc200000,0x00000000fc200000)
  from space 31744K, 9% used [0x00000000fc200000,0x00000000fc50d4e0,0x00000000fe100000)
  to   space 31744K, 0% used [0x00000000fe100000,0x00000000fe100000,0x0000000100000000)
 ParOldGen       total 175104K, used 72477K [0x00000000e0000000, 0x00000000eab00000, 0x00000000f5580000)
  object space 175104K, 41% used [0x00000000e0000000,0x00000000e46c75f8,0x00000000eab00000)
 Metaspace       used 82997K, capacity 86784K, committed 87000K, reserved 1124352K
  class space    used 11228K, capacity 11970K, committed 11992K, reserved 1048576K
Event: 145.868 GC heap after
Heap after GC invocations=21 (full 3):
 PSYoungGen      total 140800K, used 9008K [0x00000000f5580000, 0x00000000ffe00000, 0x0000000100000000)
  eden space 111104K, 0% used [0x00000000f5580000,0x00000000f5580000,0x00000000fc200000)
  from space 29696K, 30% used [0x00000000fe100000,0x00000000fe9cc168,0x00000000ffe00000)
  to   space 30720K, 0% used [0x00000000fc200000,0x00000000fc200000,0x00000000fe000000)
 ParOldGen       total 175104K, used 74162K [0x00000000e0000000, 0x00000000eab00000, 0x00000000f5580000)
  object space 175104K, 42% used [0x00000000e0000000,0x00000000e486c988,0x00000000eab00000)
 Metaspace       used 82997K, capacity 86784K, committed 87000K, reserved 1124352K
  class space    used 11228K, capacity 11970K, committed 11992K, reserved 1048576K
}

